
A total of 24/250 top packages come from Google
┌─────────┬──────────────────────────────┬───────┬────────┬────────────┬──────────┬──────────┬────────────────────────────┬───────────────┐
│ (index) │             name             │ likes │ health │ popularity │ nullSafe │ endorsed │          version           │   developer   │
├─────────┼──────────────────────────────┼───────┼────────┼────────────┼──────────┼──────────┼────────────────────────────┼───────────────┤
│    0    │     'shared_preferences'     │ 3332  │  130   │    100     │   true   │   true   │          '2.0.6'           │ 'flutter.dev' │
│    1    │        'url_launcher'        │ 2599  │  130   │    100     │   true   │   true   │          '6.0.6'           │ 'flutter.dev' │
│    2    │         'animations'         │ 2474  │  120   │     98     │   true   │  false   │          '2.0.0'           │ 'flutter.dev' │
│    3    │        'image_picker'        │ 2084  │  130   │    100     │   true   │  false   │         '0.8.0+1'          │ 'flutter.dev' │
│    4    │       'path_provider'        │ 1607  │  120   │    100     │   true   │   true   │          '2.0.2'           │ 'flutter.dev' │
│    5    │        'connectivity'        │ 1531  │  130   │     99     │   true   │  false   │          '3.0.6'           │ 'flutter.dev' │
│    6    │    'google_maps_flutter'     │ 1502  │  120   │     99     │   true   │  false   │          '2.0.6'           │ 'flutter.dev' │
│    7    │           'share'            │ 1359  │  120   │     99     │   true   │  false   │          '2.0.4'           │ 'flutter.dev' │
│    8    │      'webview_flutter'       │ 1242  │  120   │     99     │   true   │  false   │          '2.0.8'           │ 'flutter.dev' │
│    9    │        'device_info'         │ 1035  │  120   │     99     │   true   │  false   │          '2.0.2'           │ 'flutter.dev' │
│   10    │       'google_sign_in'       │  970  │  130   │     99     │   true   │  false   │          '5.0.4'           │ 'flutter.dev' │
│   11    │        'video_player'        │  922  │  130   │     99     │   true   │  false   │          '2.1.5'           │ 'flutter.dev' │
│   12    │        'package_info'        │  829  │  120   │     99     │   true   │  false   │          '2.0.2'           │ 'flutter.dev' │
│   13    │         'local_auth'         │  614  │  120   │     98     │   true   │  false   │          '1.1.6'           │ 'flutter.dev' │
│   14    │      'in_app_purchase'       │  593  │  120   │     97     │   true   │  false   │          '1.0.4'           │ 'flutter.dev' │
│   15    │           'camera'           │  593  │  110   │     99     │   true   │  false   │         '0.8.1+2'          │ 'flutter.dev' │
│   16    │     'google_mobile_ads'      │  544  │  120   │     98     │   true   │  false   │          '0.13.0'          │ 'google.dev'  │
│   17    │ 'scrollable_positioned_list' │  503  │  110   │     98     │  false   │  false   │ '0.1.100.2.0-nullsafety.0' │ 'google.dev'  │
│   18    │          'pedantic'          │  492  │  130   │    100     │   true   │  false   │          '1.11.0'          │ 'google.dev'  │
│   19    │          'sensors'           │  370  │  120   │     96     │   true   │  false   │          '2.0.3'           │ 'flutter.dev' │
│   20    │   'android_alarm_manager'    │  344  │  110   │     94     │   true   │  false   │          '2.0.2'           │ 'flutter.dev' │
│   21    │      'flutter_markdown'      │  335  │  130   │     98     │   true   │  false   │          '0.6.2'           │ 'flutter.dev' │
│   22    │        'built_value'         │  327  │  130   │     99     │   true   │   true   │          '8.0.6'           │ 'google.dev'  │
│   23    │          'battery'           │  256  │  120   │     95     │   true   │  false   │          '2.0.3'           │ 'flutter.dev' │
└─────────┴──────────────────────────────┴───────┴────────┴────────────┴──────────┴──────────┴────────────────────────────┴───────────────┘
Firebase Packages
┌─────────┬──────────────────────────┬───────┬────────┬────────────┬──────────┬──────────┬──────────┬───────────────────────┐
│ (index) │           name           │ likes │ health │ popularity │ nullSafe │ endorsed │ version  │       developer       │
├─────────┼──────────────────────────┼───────┼────────┼────────────┼──────────┼──────────┼──────────┼───────────────────────┤
│    0    │     'firebase_auth'      │ 1539  │  120   │    100     │   true   │   true   │ '1.3.0'  │ 'firebase.google.com' │
│    1    │    'cloud_firestore'     │ 1416  │  120   │    100     │   true   │   true   │ '2.2.1'  │ 'firebase.google.com' │
│    2    │   'firebase_messaging'   │ 1336  │  120   │     99     │   true   │   true   │ '10.0.1' │ 'firebase.google.com' │
│    3    │     'firebase_core'      │  935  │  120   │    100     │   true   │   true   │ '1.2.1'  │ 'firebase.google.com' │
│    4    │    'firebase_storage'    │  546  │  120   │     99     │   true   │   true   │ '8.1.1'  │ 'firebase.google.com' │
│    5    │   'firebase_analytics'   │  469  │  120   │     99     │   true   │  false   │ '8.1.1'  │ 'firebase.google.com' │
│    6    │  'firebase_crashlytics'  │  398  │  110   │     99     │   true   │   true   │ '2.0.5'  │ 'firebase.google.com' │
│    7    │ 'firebase_dynamic_links' │  286  │  120   │     99     │   true   │  false   │ '2.0.5'  │ 'firebase.google.com' │
│    8    │   'firebase_database'    │  257  │  110   │     99     │   true   │  false   │ '7.1.0'  │ 'firebase.google.com' │
└─────────┴──────────────────────────┴───────┴────────┴────────────┴──────────┴──────────┴──────────┴───────────────────────┘
State Management Packages
┌─────────┬─────────────────┬───────┬────────┬────────────┬──────────┬──────────┬──────────┬────────────────────────┐
│ (index) │      name       │ likes │ health │ popularity │ nullSafe │ endorsed │ version  │       developer        │
├─────────┼─────────────────┼───────┼────────┼────────────┼──────────┼──────────┼──────────┼────────────────────────┤
│    0    │      'get'      │ 4737  │  130   │     99     │   true   │  false   │ '4.1.4'  │      'getx.site'       │
│    1    │   'provider'    │ 4345  │  130   │    100     │   true   │   true   │ '5.0.0'  │  'dash-overflow.net'   │
│    2    │    'rxdart'     │ 1145  │  125   │    100     │   true   │   true   │ '0.27.1' │ 'fluttercommunity.dev' │
│    3    │     'bloc'      │  992  │  130   │     99     │   true   │   true   │ '7.0.0'  │   'bloclibrary.dev'    │
│    4    │     'mobx'      │  615  │  130   │     98     │   true   │   true   │ '2.0.1'  │ 'dart.pixelingene.com' │
│    5    │ 'flutter_redux' │  271  │  120   │     97     │   true   │   true   │ '0.8.2'  │    'brianegan.com'     │
└─────────┴─────────────────┴───────┴────────┴────────────┴──────────┴──────────┴──────────┴────────────────────────┘
┌─────────┬──────────────────────────────────┬───────┬────────┬────────────┬──────────┬──────────┬───────────────────────────────────┬────────────────────────┐
│ (index) │               name               │ likes │ health │ popularity │ nullSafe │ endorsed │              version              │       developer        │
├─────────┼──────────────────────────────────┼───────┼────────┼────────────┼──────────┼──────────┼───────────────────────────────────┼────────────────────────┤
│    0    │              'get'               │ 4737  │  130   │     99     │   true   │  false   │              '4.1.4'              │      'getx.site'       │
│    1    │            'provider'            │ 4345  │  130   │    100     │   true   │   true   │              '5.0.0'              │  'dash-overflow.net'   │
│    2    │       'shared_preferences'       │ 3332  │  130   │    100     │   true   │   true   │              '2.0.6'              │     'flutter.dev'      │
│    3    │              'http'              │ 2744  │  130   │    100     │   true   │  false   │             '0.13.3'              │       'dart.dev'       │
│    4    │          'url_launcher'          │ 2599  │  130   │    100     │   true   │   true   │              '6.0.6'              │     'flutter.dev'      │
│    5    │           'animations'           │ 2474  │  120   │     98     │   true   │  false   │              '2.0.0'              │     'flutter.dev'      │
│    6    │          'flutter_bloc'          │ 2301  │  130   │     99     │   true   │   true   │              '7.0.1'              │   'bloclibrary.dev'    │
│    7    │              'dio'               │ 2218  │  130   │     99     │   true   │  false   │              '4.0.0'              │  'flutterchina.club'   │
│    8    │          'google_fonts'          │ 2152  │  130   │     99     │   true   │   true   │              '2.1.0'              │     'material.io'      │
│    9    │     'flutter_launcher_icons'     │ 2134  │   80   │     99     │   true   │  false   │              '0.9.0'              │ 'fluttercommunity.dev' │
│   10    │          'image_picker'          │ 2084  │  130   │    100     │   true   │  false   │             '0.8.0+1'             │     'flutter.dev'      │
│   11    │        'flutter_slidable'        │ 1985  │  120   │     99     │   true   │   true   │        '0.6.01.0.0-dev.2'         │   'romainrastel.com'   │
│   12    │  'flutter_local_notifications'   │ 1899  │  120   │     99     │   true   │   true   │        '6.0.07.0.0-dev.1'         │     'dexterx.dev'      │
│   13    │              'hive'              │ 1820  │  130   │     99     │   true   │  false   │              '2.0.4'              │      'hivedb.dev'      │
│   14    │      'cached_network_image'      │ 1802  │  110   │    100     │   true   │  false   │       '3.0.03.1.0-alpha.1'        │     'baseflow.com'     │
│   15    │           'geolocator'           │ 1796  │  130   │     99     │   true   │   true   │              '7.0.3'              │     'baseflow.com'     │
│   16    │            'sqflite'             │ 1749  │  120   │    100     │   true   │   true   │             '2.0.0+3'             │     'tekartik.com'     │
│   17    │        'carousel_slider'         │ 1683  │  110   │     99     │  false   │  false   │     '3.0.04.0.0-nullsafety.0'     │     'serenader.me'     │
│   18    │         'path_provider'          │ 1607  │  120   │    100     │   true   │   true   │              '2.0.2'              │     'flutter.dev'      │
│   19    │       'animated_text_kit'        │ 1571  │  130   │     98     │   true   │   true   │              '4.2.1'              │   'ayushagarwal.ml'    │
│   20    │              'intl'              │ 1561  │  120   │    100     │   true   │   true   │             '0.17.0'              │       'dart.dev'       │
│   21    │            'fl_chart'            │ 1546  │  120   │     99     │   true   │  false   │             '0.36.1'              │    'ikhoshabi.com'     │
│   22    │         'firebase_auth'          │ 1539  │  120   │    100     │   true   │   true   │              '1.3.0'              │ 'firebase.google.com'  │
│   23    │          'connectivity'          │ 1531  │  130   │     99     │   true   │  false   │              '3.0.6'              │     'flutter.dev'      │
│   24    │           'animate_do'           │ 1506  │  120   │     96     │   true   │  false   │              '2.0.0'              │ 'fernando-herrera.com' │
│   25    │      'google_maps_flutter'       │ 1502  │  120   │     99     │   true   │  false   │              '2.0.6'              │     'flutter.dev'      │
│   26    │        'flutter_spinkit'         │ 1491  │  105   │     99     │   true   │  false   │              '5.0.0'              │       undefined        │
│   27    │      'font_awesome_flutter'      │ 1463  │  120   │     99     │   true   │   true   │              '9.0.0'              │ 'fluttercommunity.dev' │
│   28    │        'cloud_firestore'         │ 1416  │  120   │    100     │   true   │   true   │              '2.2.1'              │ 'firebase.google.com'  │
│   29    │          'flutter_svg'           │ 1401  │  120   │    100     │   true   │  false   │             '0.22.0'              │     'dnfield.dev'      │
│   30    │         'auto_size_text'         │ 1399  │  110   │     99     │  false   │  false   │     '2.1.03.0.0-nullsafety.0'     │       undefined        │
│   31    │            'shimmer'             │ 1369  │  130   │     99     │   true   │  false   │              '2.0.0'              │      'hunghd.dev'      │
│   32    │             'share'              │ 1359  │  120   │     99     │   true   │  false   │              '2.0.4'              │     'flutter.dev'      │
│   33    │       'firebase_messaging'       │ 1336  │  120   │     99     │   true   │   true   │             '10.0.1'              │ 'firebase.google.com'  │
│   34    │       'permission_handler'       │ 1289  │  120   │     99     │   true   │  false   │              '8.0.1'              │     'baseflow.com'     │
│   35    │         'flutter_swiper'         │ 1270  │  110   │     99     │  false   │  false   │              '1.1.6'              │       undefined        │
│   36    │        'webview_flutter'         │ 1242  │  120   │     99     │   true   │  false   │              '2.0.8'              │     'flutter.dev'      │
│   37    │             'get_it'             │ 1239  │  130   │     99     │   true   │  false   │              '7.1.3'              │ 'fluttercommunity.dev' │
│   38    │     'flutter_native_splash'      │ 1192  │  130   │     98     │   true   │   true   │             '1.1.8+4'             │    'jonhanson.net'     │
│   39    │         'device_preview'         │ 1159  │  120   │     97     │   true   │  false   │              '0.7.3'              │   'aloisdeniel.com'    │
│   40    │            'location'            │ 1146  │  130   │     99     │   true   │   true   │              '4.1.1'              │      'bernos.dev'      │
│   41    │             'rxdart'             │ 1145  │  125   │    100     │   true   │   true   │             '0.27.1'              │ 'fluttercommunity.dev' │
│   42    │          'file_picker'           │ 1143  │  130   │     99     │   true   │  false   │             '3.0.2+2'             │   'miguelruivo.com'    │
│   43    │       'convex_bottom_bar'        │ 1130  │  130   │     96     │   true   │   true   │              '3.0.0'              │     'hacktons.cn'      │
│   44    │  'flutter_staggered_grid_view'   │ 1095  │  130   │     99     │   true   │  false   │              '0.4.0'              │   'romainrastel.com'   │
│   45    │       'modal_bottom_sheet'       │ 1078  │  120   │     99     │   true   │  false   │              '2.0.0'              │   'jaimeblasco.com'    │
│   46    │          'device_info'           │ 1035  │  120   │     99     │   true   │  false   │              '2.0.2'              │     'flutter.dev'      │
│   47    │          'fluttertoast'          │ 1030  │  130   │     99     │   true   │  false   │              '8.0.7'              │  'karthikponnam.dev'   │
│   48    │        'sliding_up_panel'        │ 1025  │  130   │     98     │   true   │  false   │             '2.0.0+1'             │   'akshathjain.com'    │
│   49    │        'pull_to_refresh'         │ 1010  │  130   │     99     │   true   │  false   │              '2.0.0'              │       undefined        │
│   50    │              'bloc'              │  992  │  130   │     99     │   true   │   true   │              '7.0.0'              │   'bloclibrary.dev'    │
│   51    │         'google_sign_in'         │  970  │  130   │     99     │   true   │  false   │              '5.0.4'              │     'flutter.dev'      │
│   52    │       'flutter_screenutil'       │  961  │  130   │     98     │   true   │  false   │             '5.0.0+2'             │       undefined        │
│   53    │       'simple_animations'        │  956  │  130   │     98     │   true   │  false   │              '3.1.1'              │  'felix-blaschke.de'   │
│   54    │           'photo_view'           │  948  │  120   │     99     │   true   │  false   │             '0.11.1'              │    'fireslime.xyz'     │
│   55    │         'firebase_core'          │  935  │  120   │    100     │   true   │   true   │              '1.2.1'              │ 'firebase.google.com'  │
│   56    │      'introduction_screen'       │  930  │  120   │     97     │   true   │  false   │              '2.1.0'              │       undefined        │
│   57    │          'video_player'          │  922  │  130   │     99     │   true   │  false   │              '2.1.5'              │     'flutter.dev'      │
│   58    │     'flutter_secure_storage'     │  921  │  120   │     99     │   true   │  false   │              '4.2.0'              │       undefined        │
│   59    │   'syncfusion_flutter_charts'    │  905  │  130   │     97     │   true   │  false   │            '19.1.66+1'            │    'syncfusion.com'    │
│   60    │          'audioplayers'          │  866  │  130   │     99     │   true   │  false   │             '0.19.0'              │    'fireslime.xyz'     │
│   61    │         'table_calendar'         │  857  │  130   │     98     │   true   │  false   │              '3.0.0'              │       undefined        │
│   62    │         'timeline_tile'          │  854  │  120   │     96     │   true   │  false   │              '2.0.0'              │ 'juliobitencourt.com'  │
│   63    │           'just_audio'           │  850  │  130   │     97     │   true   │   true   │              '0.7.5'              │    'ryanheise.com'     │
│   64    │          'package_info'          │  829  │  120   │     99     │   true   │  false   │              '2.0.2'              │     'flutter.dev'      │
│   65    │           'equatable'            │  823  │  130   │     99     │   true   │  false   │              '2.0.2'              │ 'fluttercommunity.dev' │
│   66    │       'easy_localization'        │  823  │  130   │     98     │   true   │  false   │              '3.0.0'              │       undefined        │
│   67    │             'badges'             │  818  │  130   │     99     │   true   │  false   │              '2.0.1'              │       'yako.io'        │
│   68    │             'lottie'             │  806  │  130   │     99     │   true   │  false   │              '1.0.1'              │       undefined        │
│   69    │      'flutter_form_builder'      │  779  │  130   │     97     │   true   │  false   │       '6.0.17.0.0-alpha.2'        │  'danvickmiller.dev'   │
│   70    │             'logger'             │  778  │  130   │     99     │   true   │  false   │              '1.0.0'              │       undefined        │
│   71    │     'curved_navigation_bar'      │  777  │  110   │     97     │  false   │  false   │     '0.3.70.4.0-nullsafety.0'     │    'mobilemvp.app'     │
│   72    │      'responsive_framework'      │  756  │  130   │     96     │   true   │  false   │              '0.1.0'              │    'codelessly.com'    │
│   73    │           'auto_route'           │  751  │  120   │     97     │   true   │  false   │              '2.2.0'              │       undefined        │
│   74    │            'stacked'             │  724  │  110   │     97     │   true   │  false   │              '2.1.7'              │   'filledstacks.com'   │
│   75    │       'percent_indicator'        │  705  │  130   │     99     │   true   │  false   │     '3.0.13.3.0-nullsafety.1'     │   'diegoveloper.com'   │
│   76    │         'charts_flutter'         │  701  │  100   │     99     │  false   │  false   │             '0.10.0'              │       undefined        │
│   77    │              'pdf'               │  697  │  120   │     98     │   true   │  false   │              '3.3.0'              │       'nfet.net'       │
│   78    │   'persistent_bottom_nav_bar'    │  689  │  130   │     97     │   true   │  false   │              '4.0.2'              │       undefined        │
│   79    │          'supercharged'          │  680  │  130   │     99     │   true   │  false   │              '2.0.0'              │  'felix-blaschke.de'   │
│   80    │         'image_cropper'          │  671  │  115   │     99     │   true   │  false   │              '1.4.0'              │      'hunghd.dev'      │
│   81    │         'flutter_hooks'          │  662  │  130   │     98     │   true   │  false   │             '0.17.0'              │  'dash-overflow.net'   │
│   82    │       'responsive_builder'       │  659  │  130   │     97     │   true   │  false   │              '0.4.1'              │   'filledstacks.com'   │
│   83    │        'pin_code_fields'         │  647  │  120   │     99     │   true   │  false   │              '7.2.0'              │     'theadar.xyz'      │
│   84    │  'flutter_staggered_animations'  │  626  │  120   │     97     │   true   │  false   │              '1.0.0'              │     'mobiten.com'      │
│   85    │       'flutter_typeahead'        │  620  │  120   │     98     │   true   │  false   │              '3.1.3'              │       undefined        │
│   86    │              'mobx'              │  615  │  130   │     98     │   true   │   true   │              '2.0.1'              │ 'dart.pixelingene.com' │
│   87    │       'flutter_neumorphic'       │  615  │  110   │     95     │   true   │  false   │              '3.1.0'              │       undefined        │
│   88    │           'local_auth'           │  614  │  120   │     98     │   true   │  false   │              '1.1.6'              │     'flutter.dev'      │
│   89    │          'flutter_html'          │  612  │  110   │     99     │   true   │  false   │              '2.0.0'              │  'sub6resources.com'   │
│   90    │       'flutter_rating_bar'       │  597  │  130   │     99     │   true   │  false   │              '4.0.0'              │ 'sarbagyastha.com.np'  │
│   91    │      'flutter_inappwebview'      │  597  │  120   │     99     │   true   │  false   │              '5.3.2'              │   'inappwebview.dev'   │
│   92    │     'smooth_page_indicator'      │  594  │  110   │     98     │  false   │  false   │     '0.2.30.3.0-nullsafety.0'     │       undefined        │
│   93    │        'in_app_purchase'         │  593  │  120   │     97     │   true   │  false   │              '1.0.4'              │     'flutter.dev'      │
│   94    │             'camera'             │  593  │  110   │     99     │   true   │  false   │             '0.8.1+2'             │     'flutter.dev'      │
│   95    │         'extended_image'         │  593  │  120   │     98     │   true   │  false   │              '4.1.0'              │  'fluttercandies.com'  │
│   96    │  'material_floating_search_bar'  │  591  │  130   │     96     │   true   │  false   │              '0.3.4'              │       undefined        │
│   97    │        'flutter_modular'         │  576  │  120   │     97     │   true   │  false   │       '3.2.2+13.3.0-beta.6'       │  'flutterando.com.br'  │
│   98    │           'qr_flutter'           │  575  │  130   │     98     │   true   │  false   │              '4.0.0'              │     'theyakka.com'     │
│   99    │           'velocity_x'           │  573  │  130   │     95     │   true   │  false   │              '3.2.0'              │    'mtechviral.com'    │
│   100   │            'timeago'             │  574  │  125   │     98     │   true   │  false   │              '3.0.2'              │       undefined        │
│   101   │          'smart_select'          │  566  │  100   │     96     │  false   │  false   │              '4.3.2'              │   'widgetarian.com'    │
│   102   │              'uuid'              │  565  │  130   │    100     │   true   │  false   │              '3.0.4'              │       'yuli.dev'       │
│   103   │       'sign_in_with_apple'       │  562  │  120   │     98     │   true   │   true   │              '3.0.0'              │     'aboutyou.com'     │
│   104   │           'getwidget'            │  560  │  130   │     96     │   true   │  false   │              '2.0.2'              │    'getwidget.dev'     │
│   105   │           'expandable'           │  555  │  130   │     98     │   true   │  false   │              '5.0.1'              │       undefined        │
│   106   │        'flutter_blurhash'        │  549  │  130   │     99     │   true   │  false   │              '0.6.0'              │ 'fluttercommunity.dev' │
│   107   │        'firebase_storage'        │  546  │  120   │     99     │   true   │   true   │              '8.1.1'              │ 'firebase.google.com'  │
│   108   │          'intro_slider'          │  545  │  120   │     97     │   true   │  false   │              '2.4.3'              │       undefined        │
│   109   │       'google_mobile_ads'        │  544  │  120   │     98     │   true   │  false   │             '0.13.0'              │      'google.dev'      │
│   110   │     'youtube_player_flutter'     │  525  │  120   │     98     │   true   │  false   │              '8.0.0'              │ 'sarbagyastha.com.np'  │
│   111   │         'rflutter_alert'         │  508  │  120   │     98     │   true   │  false   │              '2.0.2'              │     'ratel.com.tr'     │
│   112   │   'infinite_scroll_pagination'   │  506  │  130   │     96     │   true   │   true   │             '3.0.1+1'             │    'edsonbueno.com'    │
│   113   │      'assets_audio_player'       │  504  │  110   │     97     │   true   │  false   │             '3.0.3+3'             │       undefined        │
│   114   │   'scrollable_positioned_list'   │  503  │  110   │     98     │  false   │  false   │    '0.1.100.2.0-nullsafety.0'     │      'google.dev'      │
│   115   │        'bottom_navy_bar'         │  497  │  120   │     96     │   true   │   true   │              '6.0.0'              │  'pedromassango.dev'   │
│   116   │      'flutter_easyloading'       │  497  │  120   │     97     │   true   │  false   │              '3.0.0'              │       undefined        │
│   117   │         'flutter_icons'          │  496  │   85   │     98     │  false   │  false   │              '1.1.0'              │       undefined        │
│   118   │            'pedantic'            │  492  │  130   │    100     │   true   │  false   │             '1.11.0'              │      'google.dev'      │
│   119   │            'wakelock'            │  485  │  130   │     99     │   true   │  false   │              '0.5.2'              │ 'creativemaybeno.dev'  │
│   120   │     'sleek_circular_slider'      │  481  │  110   │     95     │   true   │  false   │              '2.0.0'              │       undefined        │
│   121   │     'flutter_cache_manager'      │  480  │  120   │    100     │   true   │  false   │              '3.1.1'              │     'baseflow.com'     │
│   122   │        'qr_code_scanner'         │  481  │  120   │     98     │   true   │  false   │              '0.5.1'              │       undefined        │
│   123   │         'audio_service'          │  479  │  130   │     95     │   true   │  false   │             '0.17.1'              │    'ryanheise.com'     │
│   124   │         'flutter_login'          │  474  │  110   │     95     │  false   │  false   │     '1.1.02.0.0-nullsafety.0'     │       undefined        │
│   125   │         'google_nav_bar'         │  470  │  120   │     95     │   true   │  false   │              '5.0.5'              │    'sooxt98.space'     │
│   126   │       'firebase_analytics'       │  469  │  120   │     99     │   true   │  false   │              '8.1.1'              │ 'firebase.google.com'  │
│   127   │        'page_transition'         │  464  │  130   │     98     │   true   │  false   │              '2.0.2'              │    'yasinilhan.com'    │
│   128   │         'in_app_review'          │  464  │  120   │     97     │   true   │  false   │              '2.0.2'              │    'britannio.dev'     │
│   129   │             'chewie'             │  460  │  130   │     99     │   true   │  false   │              '1.2.0'              │       undefined        │
│   130   │           'uni_links'            │  456  │  130   │     98     │   true   │  false   │              '0.5.1'              │       undefined        │
│   131   │         'awesome_dialog'         │  455  │  130   │     97     │   true   │  false   │              '2.1.0'              │       undefined        │
│   132   │         'flare_flutter'          │  454  │   90   │     99     │   true   │  false   │              '3.0.1'              │       'rive.app'       │
│   133   │             'image'              │  454  │  120   │    100     │   true   │  false   │              '3.0.2'              │       undefined        │
│   134   │             'flame'              │  448  │   90   │     95     │  false   │  false   │ '0.29.41.0.0-releasecandidate.11' │   'flame-engine.org'   │
│   135   │           'bot_toast'            │  445  │  120   │     96     │   true   │  false   │              '4.0.1'              │       undefined        │
│   136   │             'fluro'              │  445  │  130   │     97     │   true   │  false   │              '2.0.3'              │   'lukepighetti.com'   │
│   137   │     'awesome_notifications'      │  444  │  120   │     94     │   true   │  false   │             '0.0.6+7'             │       'carda.me'       │
│   138   │          'showcaseview'          │  442  │  120   │     95     │   true   │  false   │              '1.0.0'              │     'simform.com'      │
│   139   │              'path'              │  442  │  130   │    100     │   true   │  false   │              '1.8.0'              │       'dart.dev'       │
│   140   │       'flutter_downloader'       │  439  │  110   │     98     │   true   │  false   │              '1.6.1'              │ 'fluttercommunity.dev' │
│   141   │          'workmanager'           │  439  │  120   │     96     │   true   │  false   │              '0.4.0'              │ 'fluttercommunity.dev' │
│   142   │         'sliding_sheet'          │  439  │  120   │     94     │   true   │  false   │              '0.5.0'              │       undefined        │
│   143   │           'timelines'            │  438  │  120   │     95     │   true   │  false   │              '0.1.0'              │     'chulwoo.dev'      │
│   144   │         'flutter_sound'          │  433  │  130   │     96     │   true   │  false   │              '8.1.4'              │    'dooboolab.com'     │
│   145   │          'liquid_swipe'          │  427  │  130   │     97     │   true   │  false   │              '2.1.0'              │   'sahdeepsingh.com'   │
│   146   │    'flutter_platform_widgets'    │  425  │  110   │     96     │   true   │  false   │              '1.9.0'              │     'stryder.dev'      │
│   147   │         'auto_animated'          │  424  │  130   │     93     │   true   │  false   │              '3.0.0'              │    'serge.software'    │
│   148   │            'retrofit'            │  423  │  130   │     97     │   true   │  false   │              '2.0.0'              │       'mings.in'       │
│   149   │            'sembast'             │  421  │  130   │     97     │   true   │  false   │             '3.1.0+2'             │     'tekartik.com'     │
│   150   │        'flutter_riverpod'        │  423  │  130   │     98     │   true   │  false   │            '0.14.0+3'             │       undefined        │
│   151   │             'crypto'             │  420  │  130   │    100     │   true   │  false   │              '3.0.1'              │       'dart.dev'       │
│   152   │      'tutorial_coach_mark'       │  417  │  110   │     95     │   true   │  false   │              '1.0.0'              │       undefined        │
│   153   │        'background_fetch'        │  417  │  100   │     96     │  false   │  false   │     '0.7.21.0.0-nullsafety.2'     │  'transistorsoft.com'  │
│   154   │  'syncfusion_flutter_calendar'   │  413  │  130   │     96     │   true   │  false   │             '19.1.66'             │    'syncfusion.com'    │
│   155   │     'flutter_webview_plugin'     │  412  │  115   │     98     │   true   │  false   │              '0.4.0'              │ 'fluttercommunity.dev' │
│   156   │          'flutter_map'           │  412  │   55   │     98     │  false   │  false   │             '0.12.0'              │      'jpryan.me'       │
│   157   │          'like_button'           │  408  │  130   │     96     │   true   │  false   │              '2.0.2'              │  'fluttercandies.com'  │
│   158   │          'flutter_blue'          │  406  │  100   │     97     │   true   │  false   │              '0.8.0'              │   'pauldemarco.com'    │
│   159   │             'flash'              │  405  │  130   │     97     │   true   │  false   │              '2.0.0'              │       undefined        │
│   160   │       'feature_discovery'        │  405  │  120   │     93     │   true   │  false   │             '0.14.0'              │       undefined        │
│   161   │      'firebase_crashlytics'      │  398  │  110   │     99     │   true   │   true   │              '2.0.5'              │ 'firebase.google.com'  │
│   162   │          'get_storage'           │  395  │  120   │     97     │   true   │  false   │              '2.0.2'              │      'getx.site'       │
│   163   │        'keyboard_actions'        │  394  │  130   │     97     │   true   │  false   │              '3.4.0'              │   'diegoveloper.com'   │
│   164   │            'confetti'            │  392  │  110   │     95     │  false   │  false   │      '0.5.50.6.0-nullsafety'      │     'funwith.app'      │
│   165   │    'flutter_datetime_picker'     │  389  │  110   │     98     │   true   │  false   │              '1.5.1'              │       undefined        │
│   166   │     'flutter_signin_button'      │  389  │  130   │     97     │   true   │  false   │              '2.0.0'              │       undefined        │
│   167   │          'avatar_glow'           │  388  │  120   │     96     │   true   │  false   │              '2.0.1'              │       undefined        │
│   168   │           'injectable'           │  386  │  130   │     97     │   true   │  false   │              '1.4.1'              │       undefined        │
│   169   │       'flutter_speed_dial'       │  384  │  130   │     98     │   true   │  false   │        '3.0.54.0.0-dev.1'         │       undefined        │
│   170   │          'flutter_tts'           │  383  │  130   │     96     │   true   │  false   │              '3.1.0'              │    'tundralabs.com'    │
│   171   │          'giffy_dialog'          │  384  │  100   │     94     │  false   │  false   │              '1.8.0'              │       undefined        │
│   172   │            'printing'            │  380  │  130   │     97     │   true   │  false   │              '5.2.1'              │       'nfet.net'       │
│   173   │       'modal_progress_hud'       │  380  │  100   │     98     │  false   │  false   │              '0.1.3'              │       undefined        │
│   174   │           'slimy_card'           │  372  │  100   │     90     │  false   │  false   │              '1.0.4'              │       undefined        │
│   175   │        'dropdown_search'         │  371  │  130   │     97     │   true   │  false   │              '0.6.1'              │       undefined        │
│   176   │            'sensors'             │  370  │  120   │     96     │   true   │  false   │              '2.0.3'              │     'flutter.dev'      │
│   177   │    'flutter_barcode_scanner'     │  367  │  120   │     98     │   true   │  false   │              '2.0.0'              │       undefined        │
│   178   │   'liquid_progress_indicator'    │  366  │  110   │     93     │  false   │  false   │              '0.3.2'              │       undefined        │
│   179   │            'mockito'             │  362  │  120   │     98     │   true   │  false   │              '5.0.9'              │       'dart.dev'       │
│   180   │             'dartz'              │  359  │   90   │     98     │  false   │  false   │    '0.9.20.10.0-nullsafety.2'     │       undefined        │
│   181   │        'socket_io_client'        │  351  │  130   │     97     │   true   │  false   │ '1.0.12.0.0-beta.4-nullsafety.0'  │       undefined        │
│   182   │     'flutter_facebook_login'     │  348  │   90   │     98     │  false   │  false   │              '3.0.0'              │       'iiro.dev'       │
│   183   │     'flutter_image_compress'     │  346  │  120   │     98     │   true   │  false   │              '1.0.0'              │       undefined        │
│   184   │     'android_alarm_manager'      │  344  │  110   │     94     │   true   │  false   │              '2.0.2'              │     'flutter.dev'      │
│   185   │          'flutter_mobx'          │  342  │  130   │     98     │   true   │   true   │              '2.0.0'              │ 'dart.pixelingene.com' │
│   186   │          'reorderables'          │  339  │  120   │     96     │   true   │  false   │              '0.4.1'              │       undefined        │
│   187   │          'grouped_list'          │  338  │  130   │     96     │   true   │  false   │              '4.0.0'              │      'begnis.dev'      │
│   188   │              'lint'              │  338  │  130   │     96     │   true   │  false   │              '1.5.3'              │   'pascalwelsch.com'   │
│   189   │         'better_player'          │  337  │  120   │     97     │   true   │  false   │             '0.0.69'              │       undefined        │
│   190   │              'rive'              │  335  │  120   │     97     │   true   │  false   │             '0.7.12'              │       'rive.app'       │
│   191   │        'flutter_markdown'        │  335  │  130   │     98     │   true   │  false   │              '0.6.2'              │     'flutter.dev'      │
│   192   │        'adaptive_dialog'         │  333  │  130   │     95     │   true   │  false   │              '1.0.0'              │     'mono0926.com'     │
│   193   │             'floor'              │  331  │  110   │     96     │   true   │  false   │              '1.1.0'              │     'floor.codes'      │
│   194   │         'flutter_webrtc'         │  328  │  110   │     96     │   true   │  false   │              '0.6.4'              │       undefined        │
│   195   │          'built_value'           │  327  │  130   │     99     │   true   │   true   │              '8.0.6'              │      'google.dev'      │
│   196   │             'dartx'              │  328  │  130   │     95     │   true   │  false   │              '0.7.1'              │       undefined        │
│   197   │        'graphql_flutter'         │  325  │   75   │     97     │  false   │  false   │     '4.0.15.0.0-nullsafety.5'     │     'zinoapp.com'      │
│   198   │        'email_validator'         │  325  │  130   │     98     │   true   │  false   │              '2.0.1'              │       undefined        │
│   199   │          'after_layout'          │  323  │  120   │     98     │   true   │  false   │              '1.1.0'              │ 'fluttercommunity.dev' │
│   200   │            'upgrader'            │  322  │  120   │     95     │   true   │  false   │              '3.3.0'              │    'larryaasen.com'    │
│   201   │             'pinput'             │  322  │  130   │     97     │   true   │  false   │              '1.2.0'              │       'fman.ge'        │
│   202   │           'flip_card'            │  319  │  130   │     96     │   true   │  false   │              '0.5.0'              │       undefined        │
│   203   │         'admob_flutter'          │  317  │   80   │     96     │  false   │  false   │     '1.0.12.0.0-nullsafety.1'     │       undefined        │
│   204   │          'splashscreen'          │  316  │  100   │     98     │  false   │  false   │              '1.3.5'              │      'dplyr.dev'       │
│   205   │   'mask_text_input_formatter'    │  316  │  120   │     98     │   true   │  false   │              '2.0.0'              │       undefined        │
│   206   │        'flutter_linkify'         │  314  │  120   │     97     │   true   │  false   │              '5.0.2'              │     'cretezy.com'      │
│   207   │      'country_code_picker'       │  313  │  130   │     98     │   true   │  false   │              '2.0.1'              │       undefined        │
│   208   │ 'syncfusion_flutter_datepicker'  │  312  │  130   │     97     │   true   │  false   │          '19.1.66-beta'           │    'syncfusion.com'    │
│   209   │           'octo_image'           │  312  │  130   │     99     │   true   │  false   │             '1.0.0+1'             │     'baseflow.com'     │
│   210   │        'states_rebuilder'        │  309  │  120   │     97     │   true   │  false   │              '4.2.0'              │       undefined        │
│   211   │       'fab_circular_menu'        │  309  │  120   │     95     │   true   │  false   │              '1.0.2'              │       undefined        │
│   212   │ 'material_design_icons_flutter'  │  309  │   90   │     98     │  false   │  false   │      '4.0.59555.0.5955-rc.1'      │       undefined        │
│   213   │         'stripe_payment'         │  306  │  100   │     98     │   true   │  false   │              '1.1.1'              │       undefined        │
│   214   │       'onesignal_flutter'        │  303  │   90   │     98     │  false   │  false   │        '2.6.33.0.0-beta4'         │       undefined        │
│   215   │  'flutter_snake_navigationbar'   │  303  │  120   │     91     │   true   │  false   │              '0.5.0'              │     'herodot.com'      │
│   216   │      'intro_views_flutter'       │  301  │  130   │     95     │   true   │  false   │              '3.1.1'              │   'ayushagarwal.ml'    │
│   217   │           'dash_chat'            │  297  │  130   │     93     │   true   │  false   │             '1.1.16'              │       undefined        │
│   218   │   'syncfusion_flutter_gauges'    │  293  │  130   │     95     │   true   │  false   │             '19.1.66'             │    'syncfusion.com'    │
│   219   │    'data_connection_checker'     │  292  │  100   │     98     │  false   │  false   │              '0.3.4'              │       undefined        │
│   220   │         'speech_to_text'         │  291  │  130   │     96     │   true   │  false   │              '4.2.1'              │     'csdcorp.com'      │
│   221   │      'flutter_unity_widget'      │  290  │  110   │     92     │   true   │  false   │              '4.2.0'              │      'xraph.com'       │
│   222   │      'flutter_inner_drawer'      │  287  │  130   │     93     │   true   │  false   │             '1.0.0+1'             │       'dn-a.dev'       │
│   223   │     'firebase_dynamic_links'     │  286  │  120   │     99     │   true   │  false   │              '2.0.5'              │ 'firebase.google.com'  │
│   224   │     'flutter_facebook_auth'      │  286  │  130   │     98     │   true   │  false   │              '3.4.0'              │      'meedu.app'       │
│   225   │             'sizer'              │  286  │  130   │     96     │   true   │  false   │             '2.0.13'              │       undefined        │
│   226   │          'settings_ui'           │  285  │  120   │     96     │   true   │  false   │              '1.0.0'              │       'yako.io'        │
│   227   │     'flutter_sticky_header'      │  284  │  130   │     96     │   true   │  false   │              '0.6.0'              │   'romainrastel.com'   │
│   228   │             'bubble'             │  282  │  110   │     97     │   true   │  false   │              '1.2.1'              │       undefined        │
│   229   │      'flutter_easyrefresh'       │  279  │  120   │     96     │   true   │  false   │              '2.2.1'              │       undefined        │
│   230   │         'dotted_border'          │  276  │  130   │     98     │   true   │  false   │              '2.0.0'              │       undefined        │
│   231   │             'qrscan'             │  274  │  105   │     95     │   true   │  false   │              '0.3.1'              │       undefined        │
│   232   │             'zefyr'              │  274  │   90   │     92     │  false   │  false   │       '0.12.01.0.0-dev.2.0'       │       undefined        │
│   233   │           'story_view'           │  273  │  110   │     95     │   true   │  false   │             '0.13.1'              │    'degreat.co.uk'     │
│   234   │         'sticky_headers'         │  272  │  120   │     98     │   true   │  false   │              '0.2.0'              │ 'fluttercommunity.dev' │
│   235   │         'flutter_redux'          │  271  │  120   │     97     │   true   │   true   │              '0.8.2'              │    'brianegan.com'     │
│   236   │       'smooth_star_rating'       │  271  │  100   │     98     │  false   │  false   │              '1.1.1'              │       undefined        │
│   237   │              'wave'              │  268  │  120   │     95     │   true   │  false   │              '0.2.0'              │      'swift.fit'       │
│   238   │    'flutter_custom_clippers'     │  269  │  110   │     96     │  false   │  false   │              '1.1.2'              │    'dlohani.com.np'    │
│   239   │          'sliver_tools'          │  267  │  130   │     97     │   true   │  false   │              '0.2.4'              │  'pietervanloon.com'   │
│   240   │         'in_app_update'          │  267  │   90   │     96     │   true   │  false   │              '2.0.0'              │       'ffuf.de'        │
│   241   │    'step_progress_indicator'     │  266  │  130   │     95     │   true   │  false   │              '1.0.0'              │  'sandromaglione.com'  │
│   242   │     'liquid_pull_to_refresh'     │  264  │  120   │     94     │   true   │  false   │              '3.0.0'              │   'ayushagarwal.ml'    │
│   243   │ 'animated_bottom_navigation_bar' │  263  │  130   │     95     │   true   │  false   │              '0.3.2'              │       undefined        │
│   244   │        'agora_rtc_engine'        │  261  │  110   │     97     │   true   │  false   │              '4.0.1'              │       undefined        │
│   245   │            'catcher'             │  261  │  120   │     95     │   true   │  false   │              '0.6.6'              │       undefined        │
│   246   │          'app_settings'          │  258  │  120   │     98     │   true   │  false   │              '4.1.0'              │       undefined        │
│   247   │       'firebase_database'        │  257  │  110   │     99     │   true   │  false   │              '7.1.0'              │ 'firebase.google.com'  │
│   248   │         'styled_widget'          │  257  │  120   │     91     │   true   │  false   │              '0.3.1'              │       undefined        │
│   249   │            'battery'             │  256  │  120   │     95     │   true   │  false   │              '2.0.3'              │     'flutter.dev'      │
└─────────┴──────────────────────────────────┴───────┴────────┴────────────┴──────────┴──────────┴───────────────────────────────────┴────────────────────────┘
